<?xml version="1.0" encoding="UTF-8"?>
<robot generator="Robot 3.2.2 (Python 3.7.4 on win32)" generated="20210120 16:42:11.214" rpa="false">
<suite id="s1" name="Tom Immo" source="D:\Utilisateurs\Fanantenana\OneDrive - PULSE\Fanantenana Docs\Documents\Projet\TOM IMMO\Demo_Codir\Ressources\Tom Immo.robot">
<kw name="Open Browser" library="SeleniumLibrary" type="setup">
<doc>Opens a new browser instance to the optional ``url``.</doc>
<arguments>
<arg>${url_log}</arg>
<arg>${driver}</arg>
</arguments>
<msg timestamp="20210120 16:42:11.576" level="INFO">Opening browser 'chrome' to base url 'https://recette.makeitpulse.com/tom-immo'.</msg>
<status status="PASS" starttime="20210120 16:42:11.575" endtime="20210120 16:42:15.348"></status>
</kw>
<test id="s1-t1" name="Authentification">
<kw name="Set Selenium Speed" library="SeleniumLibrary">
<doc>Sets the delay that is waited after each Selenium command.</doc>
<arguments>
<arg>0.5s</arg>
</arguments>
<status status="PASS" starttime="20210120 16:42:15.350" endtime="20210120 16:42:15.350"></status>
</kw>
<kw name="Maximize Browser Window" library="SeleniumLibrary">
<doc>Maximizes current browser window.</doc>
<status status="PASS" starttime="20210120 16:42:15.351" endtime="20210120 16:42:18.039"></status>
</kw>
<kw name="login_cas_non_passant[Laisser tous les champs vide]" library="loginPage">
<kw name="Click Element" library="SeleniumLibrary">
<doc>Click the element identified by ``locator``.</doc>
<arguments>
<arg>xpath://*[@id="formContent"]/div/form/div[4]/button</arg>
</arguments>
<msg timestamp="20210120 16:42:18.040" level="INFO">Clicking element 'xpath://*[@id="formContent"]/div/form/div[4]/button'.</msg>
<status status="PASS" starttime="20210120 16:42:18.040" endtime="20210120 16:42:19.128"></status>
</kw>
<kw name="Page Should Contain" library="SeleniumLibrary">
<doc>Verifies that current page contains ``text``.</doc>
<arguments>
<arg>Mot de passe ou login erroné, merci de réessayer</arg>
</arguments>
<msg timestamp="20210120 16:42:20.168" level="INFO">Current page contains text 'Mot de passe ou login erroné, merci de réessayer'.</msg>
<status status="PASS" starttime="20210120 16:42:19.128" endtime="20210120 16:42:20.168"></status>
</kw>
<kw name="Capture Page Screenshot" library="SeleniumLibrary">
<doc>Takes a screenshot of the current page and embeds it into a log file.</doc>
<msg timestamp="20210120 16:42:29.677" level="INFO" html="yes">&lt;/td&gt;&lt;/tr&gt;&lt;tr&gt;&lt;td colspan="3"&gt;&lt;a href="selenium-screenshot-58.png"&gt;&lt;img src="selenium-screenshot-58.png" width="800px"&gt;&lt;/a&gt;</msg>
<status status="PASS" starttime="20210120 16:42:20.168" endtime="20210120 16:42:29.677"></status>
</kw>
<status status="PASS" starttime="20210120 16:42:18.040" endtime="20210120 16:42:29.678"></status>
</kw>
<kw name="login_cas_non_passant[Mail rempli et mot de passe vide]" library="loginPage">
<arguments>
<arg>${admin}</arg>
</arguments>
<kw name="Reload Page" library="SeleniumLibrary">
<doc>Simulates user reloading page.</doc>
<status status="PASS" starttime="20210120 16:42:29.679" endtime="20210120 16:42:30.689"></status>
</kw>
<kw name="Set Selenium Speed" library="SeleniumLibrary">
<doc>Sets the delay that is waited after each Selenium command.</doc>
<arguments>
<arg>0.5s</arg>
</arguments>
<status status="PASS" starttime="20210120 16:42:30.689" endtime="20210120 16:42:30.690"></status>
</kw>
<kw name="Input Text" library="SeleniumLibrary">
<doc>Types the given ``text`` into the text field identified by ``locator``.</doc>
<arguments>
<arg>id:mailUser</arg>
<arg>${admin}</arg>
</arguments>
<msg timestamp="20210120 16:42:30.690" level="INFO">Typing text 'rado.andriandranto' into text field 'id:mailUser'.</msg>
<status status="PASS" starttime="20210120 16:42:30.690" endtime="20210120 16:42:32.341"></status>
</kw>
<kw name="Click Element" library="SeleniumLibrary">
<doc>Click the element identified by ``locator``.</doc>
<arguments>
<arg>id:password</arg>
</arguments>
<msg timestamp="20210120 16:42:32.342" level="INFO">Clicking element 'id:password'.</msg>
<status status="PASS" starttime="20210120 16:42:32.341" endtime="20210120 16:42:33.451"></status>
</kw>
<kw name="Click Element" library="SeleniumLibrary">
<doc>Click the element identified by ``locator``.</doc>
<arguments>
<arg>xpath://*[@id="formContent"]/div/form/div[4]/button</arg>
</arguments>
<msg timestamp="20210120 16:42:33.452" level="INFO">Clicking element 'xpath://*[@id="formContent"]/div/form/div[4]/button'.</msg>
<status status="PASS" starttime="20210120 16:42:33.452" endtime="20210120 16:42:34.526"></status>
</kw>
<kw name="Page Should Contain" library="SeleniumLibrary">
<doc>Verifies that current page contains ``text``.</doc>
<arguments>
<arg>Veuillez remplir ce champ</arg>
</arguments>
<msg timestamp="20210120 16:42:35.552" level="INFO">Current page contains text 'Veuillez remplir ce champ'.</msg>
<status status="PASS" starttime="20210120 16:42:34.526" endtime="20210120 16:42:35.552"></status>
</kw>
<kw name="Capture Page Screenshot" library="SeleniumLibrary">
<doc>Takes a screenshot of the current page and embeds it into a log file.</doc>
<msg timestamp="20210120 16:42:36.727" level="INFO" html="yes">&lt;/td&gt;&lt;/tr&gt;&lt;tr&gt;&lt;td colspan="3"&gt;&lt;a href="selenium-screenshot-59.png"&gt;&lt;img src="selenium-screenshot-59.png" width="800px"&gt;&lt;/a&gt;</msg>
<status status="PASS" starttime="20210120 16:42:35.552" endtime="20210120 16:42:36.727"></status>
</kw>
<status status="PASS" starttime="20210120 16:42:29.678" endtime="20210120 16:42:36.727"></status>
</kw>
<kw name="login_cas_non_passant[Mail vide et mot de passe rempli]" library="loginPage">
<kw name="Set Selenium Speed" library="SeleniumLibrary">
<doc>Sets the delay that is waited after each Selenium command.</doc>
<arguments>
<arg>0.5s</arg>
</arguments>
<status status="PASS" starttime="20210120 16:42:36.728" endtime="20210120 16:42:36.729"></status>
</kw>
<kw name="Reload Page" library="SeleniumLibrary">
<doc>Simulates user reloading page.</doc>
<status status="PASS" starttime="20210120 16:42:36.729" endtime="20210120 16:42:37.578"></status>
</kw>
<kw name="Clear Element Text" library="SeleniumLibrary">
<doc>Clears the value of the text-input-element identified by ``locator``.</doc>
<arguments>
<arg>id:mailUser</arg>
</arguments>
<status status="PASS" starttime="20210120 16:42:37.579" endtime="20210120 16:42:38.633"></status>
</kw>
<kw name="Click Element" library="SeleniumLibrary">
<doc>Click the element identified by ``locator``.</doc>
<arguments>
<arg>id:mailUser</arg>
</arguments>
<msg timestamp="20210120 16:42:38.634" level="INFO">Clicking element 'id:mailUser'.</msg>
<status status="PASS" starttime="20210120 16:42:38.633" endtime="20210120 16:42:39.687"></status>
</kw>
<kw name="Input Text" library="SeleniumLibrary">
<doc>Types the given ``text`` into the text field identified by ``locator``.</doc>
<arguments>
<arg>id:password</arg>
<arg>azerty</arg>
</arguments>
<msg timestamp="20210120 16:42:39.688" level="INFO">Typing text 'azerty' into text field 'id:password'.</msg>
<status status="PASS" starttime="20210120 16:42:39.688" endtime="20210120 16:42:41.324"></status>
</kw>
<kw name="Click Element" library="SeleniumLibrary">
<doc>Click the element identified by ``locator``.</doc>
<arguments>
<arg>xpath://*[@id="formContent"]/div/form/div[4]/button</arg>
</arguments>
<msg timestamp="20210120 16:42:41.324" level="INFO">Clicking element 'xpath://*[@id="formContent"]/div/form/div[4]/button'.</msg>
<status status="PASS" starttime="20210120 16:42:41.324" endtime="20210120 16:42:42.388"></status>
</kw>
<kw name="Page Should Contain" library="SeleniumLibrary">
<doc>Verifies that current page contains ``text``.</doc>
<arguments>
<arg>Veuillez remplir ce champ</arg>
</arguments>
<msg timestamp="20210120 16:42:43.422" level="INFO">Current page contains text 'Veuillez remplir ce champ'.</msg>
<status status="PASS" starttime="20210120 16:42:42.388" endtime="20210120 16:42:43.422"></status>
</kw>
<kw name="Capture Page Screenshot" library="SeleniumLibrary">
<doc>Takes a screenshot of the current page and embeds it into a log file.</doc>
<msg timestamp="20210120 16:42:44.583" level="INFO" html="yes">&lt;/td&gt;&lt;/tr&gt;&lt;tr&gt;&lt;td colspan="3"&gt;&lt;a href="selenium-screenshot-60.png"&gt;&lt;img src="selenium-screenshot-60.png" width="800px"&gt;&lt;/a&gt;</msg>
<status status="PASS" starttime="20210120 16:42:43.423" endtime="20210120 16:42:44.584"></status>
</kw>
<status status="PASS" starttime="20210120 16:42:36.728" endtime="20210120 16:42:44.584"></status>
</kw>
<kw name="login_cas_non_passant[Utilisateur qui n'est pas enregistré dans la base]" library="loginPage">
<arguments>
<arg>${login KO}</arg>
</arguments>
<kw name="Reload Page" library="SeleniumLibrary">
<doc>Simulates user reloading page.</doc>
<status status="PASS" starttime="20210120 16:42:44.585" endtime="20210120 16:42:45.404"></status>
</kw>
<kw name="Set Selenium Speed" library="SeleniumLibrary">
<doc>Sets the delay that is waited after each Selenium command.</doc>
<arguments>
<arg>0.5s</arg>
</arguments>
<status status="PASS" starttime="20210120 16:42:45.404" endtime="20210120 16:42:45.405"></status>
</kw>
<kw name="Input Text" library="SeleniumLibrary">
<doc>Types the given ``text`` into the text field identified by ``locator``.</doc>
<arguments>
<arg>id:mailUser</arg>
<arg>${login KO}</arg>
</arguments>
<msg timestamp="20210120 16:42:45.405" level="INFO">Typing text 'stone' into text field 'id:mailUser'.</msg>
<status status="PASS" starttime="20210120 16:42:45.405" endtime="20210120 16:42:47.014"></status>
</kw>
<kw name="Input Password" library="SeleniumLibrary">
<doc>Types the given password into the text field identified by ``locator``.</doc>
<arguments>
<arg>id:password</arg>
<arg>azerty</arg>
</arguments>
<msg timestamp="20210120 16:42:47.015" level="INFO">Typing password into text field 'id:password'.</msg>
<msg timestamp="20210120 16:42:48.085" level="INFO">Temporally setting log level to: NONE</msg>
<msg timestamp="20210120 16:42:48.663" level="INFO">Log level changed from NONE to INFO.</msg>
<status status="PASS" starttime="20210120 16:42:47.015" endtime="20210120 16:42:48.663"></status>
</kw>
<kw name="Click Element" library="SeleniumLibrary">
<doc>Click the element identified by ``locator``.</doc>
<arguments>
<arg>xpath://*[@id="formContent"]/div/form/div[4]/button</arg>
</arguments>
<msg timestamp="20210120 16:42:48.664" level="INFO">Clicking element 'xpath://*[@id="formContent"]/div/form/div[4]/button'.</msg>
<status status="PASS" starttime="20210120 16:42:48.663" endtime="20210120 16:42:49.725"></status>
</kw>
<status status="PASS" starttime="20210120 16:42:44.584" endtime="20210120 16:42:49.725"></status>
</kw>
<kw name="login_cas_passé" library="loginPage">
<arguments>
<arg>${admin}</arg>
</arguments>
<kw name="Reload Page" library="SeleniumLibrary">
<doc>Simulates user reloading page.</doc>
<status status="PASS" starttime="20210120 16:42:49.726" endtime="20210120 16:42:50.663"></status>
</kw>
<kw name="Set Selenium Speed" library="SeleniumLibrary">
<doc>Sets the delay that is waited after each Selenium command.</doc>
<arguments>
<arg>0.5s</arg>
</arguments>
<status status="PASS" starttime="20210120 16:42:50.663" endtime="20210120 16:42:50.664"></status>
</kw>
<kw name="Input Text" library="SeleniumLibrary">
<doc>Types the given ``text`` into the text field identified by ``locator``.</doc>
<arguments>
<arg>id:mailUser</arg>
<arg>${admin}</arg>
</arguments>
<msg timestamp="20210120 16:42:50.665" level="INFO">Typing text 'rado.andriandranto' into text field 'id:mailUser'.</msg>
<status status="PASS" starttime="20210120 16:42:50.664" endtime="20210120 16:42:52.316"></status>
</kw>
<kw name="Input Password" library="SeleniumLibrary">
<doc>Types the given password into the text field identified by ``locator``.</doc>
<arguments>
<arg>id:password</arg>
<arg>azerty</arg>
</arguments>
<msg timestamp="20210120 16:42:52.317" level="INFO">Typing password into text field 'id:password'.</msg>
<msg timestamp="20210120 16:42:53.383" level="INFO">Temporally setting log level to: NONE</msg>
<msg timestamp="20210120 16:42:53.944" level="INFO">Log level changed from NONE to INFO.</msg>
<status status="PASS" starttime="20210120 16:42:52.316" endtime="20210120 16:42:53.944"></status>
</kw>
<kw name="Click Element" library="SeleniumLibrary">
<doc>Click the element identified by ``locator``.</doc>
<arguments>
<arg>xpath://*[@id="formContent"]/div/form/div[4]/button</arg>
</arguments>
<msg timestamp="20210120 16:42:53.946" level="INFO">Clicking element 'xpath://*[@id="formContent"]/div/form/div[4]/button'.</msg>
<status status="PASS" starttime="20210120 16:42:53.945" endtime="20210120 16:42:55.013"></status>
</kw>
<status status="PASS" starttime="20210120 16:42:49.726" endtime="20210120 16:42:55.013"></status>
</kw>
<status status="PASS" starttime="20210120 16:42:15.348" endtime="20210120 16:42:55.014" critical="yes"></status>
</test>
<test id="s1-t2" name="Gestion des utilisateurs">
<kw name="Set Selenium Speed" library="SeleniumLibrary">
<doc>Sets the delay that is waited after each Selenium command.</doc>
<arguments>
<arg>0.5s</arg>
</arguments>
<status status="PASS" starttime="20210120 16:42:55.017" endtime="20210120 16:42:55.017"></status>
</kw>
<kw name="User in active Storage" library="UtilisateurPage">
<arguments>
<arg>${zone de recherche}</arg>
<arg>${Nom utilisateur}</arg>
<arg>${matricule}</arg>
</arguments>
<kw name="Sleep" library="BuiltIn">
<doc>Pauses the test executed for the given time.</doc>
<arguments>
<arg>5s</arg>
</arguments>
<msg timestamp="20210120 16:43:00.035" level="INFO">Slept 5 seconds</msg>
<status status="PASS" starttime="20210120 16:42:55.018" endtime="20210120 16:43:00.035"></status>
</kw>
<kw name="Set Selenium Speed" library="SeleniumLibrary">
<doc>Sets the delay that is waited after each Selenium command.</doc>
<arguments>
<arg>0.5s</arg>
</arguments>
<status status="PASS" starttime="20210120 16:43:00.035" endtime="20210120 16:43:00.036"></status>
</kw>
<kw name="Go To" library="SeleniumLibrary">
<doc>Navigates the current browser window to the provided ``url``.</doc>
<arguments>
<arg>${utilisateur_url}</arg>
</arguments>
<msg timestamp="20210120 16:43:00.037" level="INFO">Opening url 'https://recette.makeitpulse.com/tom-immo/user/list'</msg>
<status status="PASS" starttime="20210120 16:43:00.036" endtime="20210120 16:43:00.896"></status>
</kw>
<kw name="Click Element" library="SeleniumLibrary">
<doc>Click the element identified by ``locator``.</doc>
<arguments>
<arg>xpath:/html/body/app-root/app-liste-user/div[1]/div/div[2]/div/div[1]/div[2]/div[1]/button</arg>
</arguments>
<msg timestamp="20210120 16:43:00.897" level="INFO">Clicking element 'xpath:/html/body/app-root/app-liste-user/div[1]/div/div[2]/div/div[1]/div[2]/div[1]/button'.</msg>
<status status="PASS" starttime="20210120 16:43:00.896" endtime="20210120 16:43:02.022"></status>
</kw>
<kw name="Input Text" library="SeleniumLibrary">
<doc>Types the given ``text`` into the text field identified by ``locator``.</doc>
<arguments>
<arg>${zone de recherche}</arg>
<arg>Fanantenana</arg>
</arguments>
<msg timestamp="20210120 16:43:02.023" level="INFO">Typing text 'Fanantenana' into text field 'filtreUser'.</msg>
<status status="PASS" starttime="20210120 16:43:02.022" endtime="20210120 16:43:03.668"></status>
</kw>
<kw name="Click Element" library="SeleniumLibrary">
<doc>Click the element identified by ``locator``.</doc>
<arguments>
<arg>xpath:/html/body/app-root/app-ajout-recherche/div[1]/div[2]/div/div/form/div[3]/button</arg>
</arguments>
<msg timestamp="20210120 16:43:03.669" level="INFO">Clicking element 'xpath:/html/body/app-root/app-ajout-recherche/div[1]/div[2]/div/div/form/div[3]/button'.</msg>
<status status="PASS" starttime="20210120 16:43:03.668" endtime="20210120 16:43:04.741"></status>
</kw>
<kw name="Page Should Contain" library="SeleniumLibrary">
<doc>Verifies that current page contains ``text``.</doc>
<arguments>
<arg>${Nom utilisateur}</arg>
</arguments>
<msg timestamp="20210120 16:43:05.773" level="INFO">Current page contains text 'RAKOTONDRAMANANA'.</msg>
<status status="PASS" starttime="20210120 16:43:04.741" endtime="20210120 16:43:05.773"></status>
</kw>
<kw name="Page Should Contain" library="SeleniumLibrary">
<doc>Verifies that current page contains ``text``.</doc>
<arguments>
<arg>${matricule}</arg>
</arguments>
<msg timestamp="20210120 16:43:06.819" level="INFO">Current page contains text 'IT0263'.</msg>
<status status="PASS" starttime="20210120 16:43:05.773" endtime="20210120 16:43:06.819"></status>
</kw>
<kw name="Capture Page Screenshot" library="SeleniumLibrary">
<doc>Takes a screenshot of the current page and embeds it into a log file.</doc>
<msg timestamp="20210120 16:43:07.771" level="INFO" html="yes">&lt;/td&gt;&lt;/tr&gt;&lt;tr&gt;&lt;td colspan="3"&gt;&lt;a href="selenium-screenshot-61.png"&gt;&lt;img src="selenium-screenshot-61.png" width="800px"&gt;&lt;/a&gt;</msg>
<status status="PASS" starttime="20210120 16:43:06.820" endtime="20210120 16:43:07.771"></status>
</kw>
<kw name="Click Element" library="SeleniumLibrary">
<doc>Click the element identified by ``locator``.</doc>
<arguments>
<arg>xpath:/html/body/app-root/app-ajout-recherche/div[1]/div[2]/div/div/form/div[3]/button</arg>
</arguments>
<msg timestamp="20210120 16:43:07.772" level="INFO">Clicking element 'xpath:/html/body/app-root/app-ajout-recherche/div[1]/div[2]/div/div/form/div[3]/button'.</msg>
<status status="PASS" starttime="20210120 16:43:07.772" endtime="20210120 16:43:08.828"></status>
</kw>
<status status="PASS" starttime="20210120 16:42:55.017" endtime="20210120 16:43:08.828"></status>
</kw>
<kw name="User not in active Storage" library="UtilisateurPage">
<arguments>
<arg>${zone de recherche}</arg>
</arguments>
<kw name="Sleep" library="BuiltIn">
<doc>Pauses the test executed for the given time.</doc>
<arguments>
<arg>10s</arg>
</arguments>
<msg timestamp="20210120 16:43:18.837" level="INFO">Slept 10 seconds</msg>
<status status="PASS" starttime="20210120 16:43:08.829" endtime="20210120 16:43:18.837"></status>
</kw>
<kw name="Set Selenium Speed" library="SeleniumLibrary">
<doc>Sets the delay that is waited after each Selenium command.</doc>
<arguments>
<arg>0.5s</arg>
</arguments>
<status status="PASS" starttime="20210120 16:43:18.838" endtime="20210120 16:43:18.839"></status>
</kw>
<kw name="Input Text" library="SeleniumLibrary">
<doc>Types the given ``text`` into the text field identified by ``locator``.</doc>
<arguments>
<arg>${zone de recherche}</arg>
<arg>stone</arg>
</arguments>
<msg timestamp="20210120 16:43:18.839" level="INFO">Typing text 'stone' into text field 'filtreUser'.</msg>
<status status="PASS" starttime="20210120 16:43:18.839" endtime="20210120 16:43:20.447"></status>
</kw>
<kw name="Click Element" library="SeleniumLibrary">
<doc>Click the element identified by ``locator``.</doc>
<arguments>
<arg>xpath:/html/body/app-root/app-ajout-recherche/div[1]/div[2]/div/div/form/div[3]/button</arg>
</arguments>
<msg timestamp="20210120 16:43:20.447" level="INFO">Clicking element 'xpath:/html/body/app-root/app-ajout-recherche/div[1]/div[2]/div/div/form/div[3]/button'.</msg>
<status status="PASS" starttime="20210120 16:43:20.447" endtime="20210120 16:43:21.500"></status>
</kw>
<kw name="Sleep" library="BuiltIn">
<doc>Pauses the test executed for the given time.</doc>
<arguments>
<arg>10s</arg>
</arguments>
<msg timestamp="20210120 16:43:31.501" level="INFO">Slept 10 seconds</msg>
<status status="PASS" starttime="20210120 16:43:21.500" endtime="20210120 16:43:31.502"></status>
</kw>
<kw name="Page Should Contain" library="SeleniumLibrary">
<doc>Verifies that current page contains ``text``.</doc>
<arguments>
<arg>Aucun résultat correspondant à votre recherche.</arg>
</arguments>
<msg timestamp="20210120 16:43:32.537" level="INFO">Current page contains text 'Aucun résultat correspondant à votre recherche.'.</msg>
<status status="PASS" starttime="20210120 16:43:31.502" endtime="20210120 16:43:32.537"></status>
</kw>
<kw name="Capture Page Screenshot" library="SeleniumLibrary">
<doc>Takes a screenshot of the current page and embeds it into a log file.</doc>
<msg timestamp="20210120 16:43:33.473" level="INFO" html="yes">&lt;/td&gt;&lt;/tr&gt;&lt;tr&gt;&lt;td colspan="3"&gt;&lt;a href="selenium-screenshot-62.png"&gt;&lt;img src="selenium-screenshot-62.png" width="800px"&gt;&lt;/a&gt;</msg>
<status status="PASS" starttime="20210120 16:43:32.537" endtime="20210120 16:43:33.473"></status>
</kw>
<status status="PASS" starttime="20210120 16:43:08.829" endtime="20210120 16:43:33.473"></status>
</kw>
<status status="PASS" starttime="20210120 16:42:55.016" endtime="20210120 16:43:33.474" critical="yes"></status>
</test>
<test id="s1-t3" name="Gestion Des Articles [Regroupement]">
<kw name="Sleep" library="BuiltIn">
<doc>Pauses the test executed for the given time.</doc>
<arguments>
<arg>5s</arg>
</arguments>
<msg timestamp="20210120 16:43:38.481" level="INFO">Slept 5 seconds</msg>
<status status="PASS" starttime="20210120 16:43:33.476" endtime="20210120 16:43:38.481"></status>
</kw>
<kw name="Ajout Regroupement [Regroupement__Test__01]" library="GA_regroupement">
<arguments>
<arg>${ajout regroupement}</arg>
<arg>${Ajout Reg designation}</arg>
<arg>${Ajout Reg Code}</arg>
<arg>${Ajout Reg ordre}</arg>
<arg>${Ajout Reg verificateur}</arg>
<arg>${franklin}</arg>
<arg>${Ajout Verfi}</arg>
<arg>${btn Validation reg}</arg>
</arguments>
<kw name="Go To" library="SeleniumLibrary">
<doc>Navigates the current browser window to the provided ``url``.</doc>
<arguments>
<arg>https://recette.makeitpulse.com/tom-immo/articles/list</arg>
</arguments>
<msg timestamp="20210120 16:43:38.484" level="INFO">Opening url 'https://recette.makeitpulse.com/tom-immo/articles/list'</msg>
<status status="PASS" starttime="20210120 16:43:38.484" endtime="20210120 16:43:39.503"></status>
</kw>
<kw name="Page Should Not Contain" library="SeleniumLibrary">
<doc>Verifies the current page does not contain ``text``.</doc>
<arguments>
<arg>Regroupement__Test__01</arg>
</arguments>
<msg timestamp="20210120 16:43:41.053" level="INFO">Current page does not contain text 'Regroupement__Test__01'.</msg>
<status status="PASS" starttime="20210120 16:43:39.504" endtime="20210120 16:43:41.053"></status>
</kw>
<kw name="Set Selenium Speed" library="SeleniumLibrary">
<doc>Sets the delay that is waited after each Selenium command.</doc>
<arguments>
<arg>1s</arg>
</arguments>
<status status="PASS" starttime="20210120 16:43:41.053" endtime="20210120 16:43:41.054"></status>
</kw>
<kw name="Click Element" library="SeleniumLibrary">
<doc>Click the element identified by ``locator``.</doc>
<arguments>
<arg>${ajout regroupement}</arg>
</arguments>
<msg timestamp="20210120 16:43:41.054" level="INFO">Clicking element '//*[@id="header1ItemList"]/div[1]/div[2]/button[1]'.</msg>
<status status="PASS" starttime="20210120 16:43:41.054" endtime="20210120 16:43:43.182"></status>
</kw>
<kw name="Input Text" library="SeleniumLibrary">
<doc>Types the given ``text`` into the text field identified by ``locator``.</doc>
<arguments>
<arg>${Ajout Reg designation}</arg>
<arg>Regroupement__Test__01</arg>
</arguments>
<msg timestamp="20210120 16:43:43.183" level="INFO">Typing text 'Regroupement__Test__01' into text field 'regroupementlabel'.</msg>
<status status="PASS" starttime="20210120 16:43:43.182" endtime="20210120 16:43:46.401"></status>
</kw>
<kw name="Input Text" library="SeleniumLibrary">
<doc>Types the given ``text`` into the text field identified by ``locator``.</doc>
<arguments>
<arg>${Ajout Reg Code}</arg>
<arg>V</arg>
</arguments>
<msg timestamp="20210120 16:43:46.402" level="INFO">Typing text 'V' into text field 'regroupementcode'.</msg>
<status status="PASS" starttime="20210120 16:43:46.401" endtime="20210120 16:43:49.612"></status>
</kw>
<kw name="Input Text" library="SeleniumLibrary">
<doc>Types the given ``text`` into the text field identified by ``locator``.</doc>
<arguments>
<arg>${Ajout Reg ordre}</arg>
<arg>1</arg>
</arguments>
<msg timestamp="20210120 16:43:49.614" level="INFO">Typing text '1' into text field 'regroupementordre'.</msg>
<status status="PASS" starttime="20210120 16:43:49.612" endtime="20210120 16:43:52.816"></status>
</kw>
<kw name="Click Element" library="SeleniumLibrary">
<doc>Click the element identified by ``locator``.</doc>
<arguments>
<arg>${Ajout Reg verificateur}</arg>
</arguments>
<msg timestamp="20210120 16:43:52.817" level="INFO">Clicking element 'inputFielduser'.</msg>
<status status="PASS" starttime="20210120 16:43:52.817" endtime="20210120 16:43:54.949"></status>
</kw>
<kw name="Click Element" library="SeleniumLibrary">
<doc>Click the element identified by ``locator``.</doc>
<arguments>
<arg>${franklin}</arg>
</arguments>
<msg timestamp="20210120 16:43:54.950" level="INFO">Clicking element '//*[@id="menuuser"]/div[2]/a'.</msg>
<status status="PASS" starttime="20210120 16:43:54.949" endtime="20210120 16:43:57.047"></status>
</kw>
<kw name="Click Element" library="SeleniumLibrary">
<doc>Click the element identified by ``locator``.</doc>
<arguments>
<arg>${Ajout Verfi}</arg>
</arguments>
<msg timestamp="20210120 16:43:57.048" level="INFO">Clicking element '//*[@id="modal-article"]/ngb-modal-window/div/div/app-ajout-regroupement/div/div[2]/div/div[2]/div/div/div/button'.</msg>
<status status="PASS" starttime="20210120 16:43:57.047" endtime="20210120 16:43:59.150"></status>
</kw>
<kw name="Click Element" library="SeleniumLibrary">
<doc>Click the element identified by ``locator``.</doc>
<arguments>
<arg>${btn Validation reg}</arg>
</arguments>
<msg timestamp="20210120 16:43:59.151" level="INFO">Clicking element '//*[@id="modal-article"]/ngb-modal-window/div/div/app-ajout-regroupement/div/div[3]/button[2]'.</msg>
<status status="PASS" starttime="20210120 16:43:59.151" endtime="20210120 16:44:01.248"></status>
</kw>
<kw name="Capture Page Screenshot" library="SeleniumLibrary">
<doc>Takes a screenshot of the current page and embeds it into a log file.</doc>
<msg timestamp="20210120 16:44:02.739" level="INFO" html="yes">&lt;/td&gt;&lt;/tr&gt;&lt;tr&gt;&lt;td colspan="3"&gt;&lt;a href="selenium-screenshot-63.png"&gt;&lt;img src="selenium-screenshot-63.png" width="800px"&gt;&lt;/a&gt;</msg>
<status status="PASS" starttime="20210120 16:44:01.248" endtime="20210120 16:44:02.739"></status>
</kw>
<kw name="Sleep" library="BuiltIn">
<doc>Pauses the test executed for the given time.</doc>
<arguments>
<arg>10s</arg>
</arguments>
<msg timestamp="20210120 16:44:12.751" level="INFO">Slept 10 seconds</msg>
<status status="PASS" starttime="20210120 16:44:02.740" endtime="20210120 16:44:12.751"></status>
</kw>
<status status="PASS" starttime="20210120 16:43:38.482" endtime="20210120 16:44:12.751"></status>
</kw>
<kw name="Voir détails Regroupement [Regroupement__Test__01]" library="GA_regroupement">
<arguments>
<arg>${Voir Details}</arg>
<arg>${fermeture modale détails}</arg>
</arguments>
<kw name="Click Element" library="SeleniumLibrary">
<doc>Click the element identified by ``locator``.</doc>
<arguments>
<arg>xpath=(.//*[@class='listAccordionSubItem-top']//button)[11]</arg>
</arguments>
<msg timestamp="20210120 16:44:12.753" level="INFO">Clicking element 'xpath=(.//*[@class='listAccordionSubItem-top']//button)[11]'.</msg>
<status status="PASS" starttime="20210120 16:44:12.753" endtime="20210120 16:44:14.868"></status>
</kw>
<kw name="Click Element" library="SeleniumLibrary">
<doc>Click the element identified by ``locator``.</doc>
<arguments>
<arg>${Voir Details}</arg>
</arguments>
<msg timestamp="20210120 16:44:14.869" level="INFO">Clicking element '//*[@id="accordionSubList1"]/div[2]/div[11]/div[1]/div[1]/div/div/div[1]/span'.</msg>
<status status="PASS" starttime="20210120 16:44:14.868" endtime="20210120 16:44:16.957"></status>
</kw>
<kw name="Sleep" library="BuiltIn">
<doc>Pauses the test executed for the given time.</doc>
<arguments>
<arg>5s</arg>
</arguments>
<msg timestamp="20210120 16:44:21.960" level="INFO">Slept 5 seconds</msg>
<status status="PASS" starttime="20210120 16:44:16.957" endtime="20210120 16:44:21.960"></status>
</kw>
<kw name="Click Element" library="SeleniumLibrary">
<doc>Click the element identified by ``locator``.</doc>
<arguments>
<arg>${fermeture modale détails}</arg>
</arguments>
<msg timestamp="20210120 16:44:21.961" level="INFO">Clicking element '//*[@id="modal-article"]/ngb-modal-window/div/div/app-detail-regroupement/div/div[3]/button'.</msg>
<status status="PASS" starttime="20210120 16:44:21.961" endtime="20210120 16:44:24.063"></status>
</kw>
<status status="PASS" starttime="20210120 16:44:12.752" endtime="20210120 16:44:24.063"></status>
</kw>
<kw name="Modification Regroupement [Regroupement__Test__01__edited]" library="GA_regroupement">
<arguments>
<arg>${Modification}</arg>
<arg>${Ajout Reg designation}</arg>
<arg>${Ajout Reg Code}</arg>
</arguments>
<kw name="Sleep" library="BuiltIn">
<doc>Pauses the test executed for the given time.</doc>
<arguments>
<arg>5s</arg>
</arguments>
<msg timestamp="20210120 16:44:29.069" level="INFO">Slept 5 seconds</msg>
<status status="PASS" starttime="20210120 16:44:24.066" endtime="20210120 16:44:29.069"></status>
</kw>
<kw name="Click Element" library="SeleniumLibrary">
<doc>Click the element identified by ``locator``.</doc>
<arguments>
<arg>${Modification}</arg>
</arguments>
<msg timestamp="20210120 16:44:29.070" level="INFO">Clicking element '//*[@id="accordionSubList1"]/div[2]/div[11]/div[1]/div[1]/div/div/div[2]/span'.</msg>
<status status="PASS" starttime="20210120 16:44:29.070" endtime="20210120 16:44:31.162"></status>
</kw>
<kw name="Input Text" library="SeleniumLibrary">
<doc>Types the given ``text`` into the text field identified by ``locator``.</doc>
<arguments>
<arg>${Ajout Reg designation}</arg>
<arg>regroupementEdited</arg>
</arguments>
<msg timestamp="20210120 16:44:31.163" level="INFO">Typing text 'regroupementEdited' into text field 'regroupementlabel'.</msg>
<status status="PASS" starttime="20210120 16:44:31.162" endtime="20210120 16:44:34.489"></status>
</kw>
<kw name="Input Text" library="SeleniumLibrary">
<doc>Types the given ``text`` into the text field identified by ``locator``.</doc>
<arguments>
<arg>${Ajout Reg Code}</arg>
<arg>9</arg>
</arguments>
<msg timestamp="20210120 16:44:34.490" level="INFO">Typing text '9' into text field 'regroupementcode'.</msg>
<status status="PASS" starttime="20210120 16:44:34.489" endtime="20210120 16:44:37.684"></status>
</kw>
<kw name="Click Element" library="SeleniumLibrary">
<doc>Click the element identified by ``locator``.</doc>
<arguments>
<arg>${valider modification}</arg>
</arguments>
<msg timestamp="20210120 16:44:37.685" level="INFO">Clicking element '//*[@id="modal-article"]/ngb-modal-window/div/div/app-ajout-regroupement/div/div[3]/button[2]'.</msg>
<status status="PASS" starttime="20210120 16:44:37.684" endtime="20210120 16:44:39.786"></status>
</kw>
<status status="PASS" starttime="20210120 16:44:24.064" endtime="20210120 16:44:39.787"></status>
</kw>
<kw name="Voir détails Modifié Regroupement [Regroupement__Test__01__edited]" library="GA_regroupement">
<arguments>
<arg>${Voir Details}</arg>
<arg>${fermeture modale détails}</arg>
</arguments>
<kw name="Sleep" library="BuiltIn">
<doc>Pauses the test executed for the given time.</doc>
<arguments>
<arg>5s</arg>
</arguments>
<msg timestamp="20210120 16:44:44.791" level="INFO">Slept 5 seconds</msg>
<status status="PASS" starttime="20210120 16:44:39.788" endtime="20210120 16:44:44.791"></status>
</kw>
<kw name="Click Element" library="SeleniumLibrary">
<doc>Click the element identified by ``locator``.</doc>
<arguments>
<arg>xpath=(.//*[@class='listAccordionSubItem-top']//button)[11]</arg>
</arguments>
<msg timestamp="20210120 16:44:44.792" level="INFO">Clicking element 'xpath=(.//*[@class='listAccordionSubItem-top']//button)[11]'.</msg>
<status status="PASS" starttime="20210120 16:44:44.791" endtime="20210120 16:44:46.925"></status>
</kw>
<kw name="Click Element" library="SeleniumLibrary">
<doc>Click the element identified by ``locator``.</doc>
<arguments>
<arg>${Voir Details}</arg>
</arguments>
<msg timestamp="20210120 16:44:46.926" level="INFO">Clicking element '//*[@id="accordionSubList1"]/div[2]/div[11]/div[1]/div[1]/div/div/div[1]/span'.</msg>
<status status="PASS" starttime="20210120 16:44:46.925" endtime="20210120 16:44:49.012"></status>
</kw>
<kw name="Sleep" library="BuiltIn">
<doc>Pauses the test executed for the given time.</doc>
<arguments>
<arg>5s</arg>
</arguments>
<msg timestamp="20210120 16:44:54.020" level="INFO">Slept 5 seconds</msg>
<status status="PASS" starttime="20210120 16:44:49.012" endtime="20210120 16:44:54.020"></status>
</kw>
<kw name="Click Element" library="SeleniumLibrary">
<doc>Click the element identified by ``locator``.</doc>
<arguments>
<arg>${fermeture modale détails}</arg>
</arguments>
<msg timestamp="20210120 16:44:54.021" level="INFO">Clicking element '//*[@id="modal-article"]/ngb-modal-window/div/div/app-detail-regroupement/div/div[3]/button'.</msg>
<status status="PASS" starttime="20210120 16:44:54.020" endtime="20210120 16:44:56.131"></status>
</kw>
<status status="PASS" starttime="20210120 16:44:39.787" endtime="20210120 16:44:56.131"></status>
</kw>
<kw name="Suppression du regroupement [Regroupement__Test__01__edited]" library="GA_regroupement">
<kw name="Sleep" library="BuiltIn">
<doc>Pauses the test executed for the given time.</doc>
<arguments>
<arg>3s</arg>
</arguments>
<msg timestamp="20210120 16:44:59.135" level="INFO">Slept 3 seconds</msg>
<status status="PASS" starttime="20210120 16:44:56.132" endtime="20210120 16:44:59.135"></status>
</kw>
<kw name="Click Element" library="SeleniumLibrary">
<doc>Click the element identified by ``locator``.</doc>
<arguments>
<arg>xpath=(.//*[@class='action-sub-Item']//span)[43]</arg>
</arguments>
<msg timestamp="20210120 16:44:59.136" level="INFO">Clicking element 'xpath=(.//*[@class='action-sub-Item']//span)[43]'.</msg>
<status status="PASS" starttime="20210120 16:44:59.136" endtime="20210120 16:45:01.282"></status>
</kw>
<kw name="Click Element" library="SeleniumLibrary">
<doc>Click the element identified by ``locator``.</doc>
<arguments>
<arg>xpath=//*[@id="modal-article"]/ngb-modal-window/div/div/app-confirmation-suppression/div/div[3]/button[2]</arg>
</arguments>
<msg timestamp="20210120 16:45:01.283" level="INFO">Clicking element 'xpath=//*[@id="modal-article"]/ngb-modal-window/div/div/app-confirmation-suppression/div/div[3]/button[2]'.</msg>
<status status="PASS" starttime="20210120 16:45:01.282" endtime="20210120 16:45:03.396"></status>
</kw>
<kw name="Sleep" library="BuiltIn">
<doc>Pauses the test executed for the given time.</doc>
<arguments>
<arg>2s</arg>
</arguments>
<msg timestamp="20210120 16:45:05.411" level="INFO">Slept 2 seconds</msg>
<status status="PASS" starttime="20210120 16:45:03.397" endtime="20210120 16:45:05.411"></status>
</kw>
<kw name="Page Should Not Contain" library="SeleniumLibrary">
<doc>Verifies the current page does not contain ``text``.</doc>
<arguments>
<arg>integrationRegroupementwithRobot</arg>
</arguments>
<msg timestamp="20210120 16:45:08.487" level="INFO">Current page does not contain text 'integrationRegroupementwithRobot'.</msg>
<status status="PASS" starttime="20210120 16:45:05.411" endtime="20210120 16:45:08.487"></status>
</kw>
<status status="PASS" starttime="20210120 16:44:56.132" endtime="20210120 16:45:08.487"></status>
</kw>
<status status="PASS" starttime="20210120 16:43:33.475" endtime="20210120 16:45:08.488" critical="yes"></status>
</test>
<test id="s1-t4" name="Gestion Des Articles [Categorie]">
<kw name="Ajout categorie [Categorie__test__01]" library="GA_categorie">
<arguments>
<arg>${btn ajout categorie}</arg>
<arg>${designation categorie}</arg>
<arg>${code categorie}</arg>
<arg>${order categorie}</arg>
<arg>${ajout regroupement input}</arg>
<arg>${ajout regroupement azerty}</arg>
<arg>${bouton valider categorie}</arg>
</arguments>
<kw name="Set Selenium Speed" library="SeleniumLibrary">
<doc>Sets the delay that is waited after each Selenium command.</doc>
<arguments>
<arg>0.5s</arg>
</arguments>
<status status="PASS" starttime="20210120 16:45:08.492" endtime="20210120 16:45:08.493"></status>
</kw>
<kw name="Page Should Not Contain" library="SeleniumLibrary">
<doc>Verifies the current page does not contain ``text``.</doc>
<arguments>
<arg>Categorie__test__01</arg>
</arguments>
<msg timestamp="20210120 16:45:10.062" level="INFO">Current page does not contain text 'Categorie__test__01'.</msg>
<status status="PASS" starttime="20210120 16:45:08.493" endtime="20210120 16:45:10.062"></status>
</kw>
<kw name="Capture Page Screenshot" library="SeleniumLibrary">
<doc>Takes a screenshot of the current page and embeds it into a log file.</doc>
<msg timestamp="20210120 16:45:10.939" level="INFO" html="yes">&lt;/td&gt;&lt;/tr&gt;&lt;tr&gt;&lt;td colspan="3"&gt;&lt;a href="selenium-screenshot-64.png"&gt;&lt;img src="selenium-screenshot-64.png" width="800px"&gt;&lt;/a&gt;</msg>
<status status="PASS" starttime="20210120 16:45:10.062" endtime="20210120 16:45:10.939"></status>
</kw>
<kw name="Click Element" library="SeleniumLibrary">
<doc>Click the element identified by ``locator``.</doc>
<arguments>
<arg>${btn ajout categorie}</arg>
</arguments>
<msg timestamp="20210120 16:45:10.940" level="INFO">Clicking element '//*[@id="header2ItemList"]/div[1]/div[2]/button[1]'.</msg>
<status status="PASS" starttime="20210120 16:45:10.940" endtime="20210120 16:45:12.090"></status>
</kw>
<kw name="Input Text" library="SeleniumLibrary">
<doc>Types the given ``text`` into the text field identified by ``locator``.</doc>
<arguments>
<arg>${designation categorie}</arg>
<arg>Categorie__test__01</arg>
</arguments>
<msg timestamp="20210120 16:45:12.091" level="INFO">Typing text 'Categorie__test__01' into text field '//*[@id="designation-art"]'.</msg>
<status status="PASS" starttime="20210120 16:45:12.090" endtime="20210120 16:45:13.916"></status>
</kw>
<kw name="Input Text" library="SeleniumLibrary">
<doc>Types the given ``text`` into the text field identified by ``locator``.</doc>
<arguments>
<arg>${code categorie}</arg>
<arg>TG</arg>
</arguments>
<msg timestamp="20210120 16:45:13.916" level="INFO">Typing text 'TG' into text field '//*[@id="modal-article"]/ngb-modal-window/div/div/app-ajout-category/div/div[2]/div/div[1]/div/div[2]/input'.</msg>
<status status="PASS" starttime="20210120 16:45:13.916" endtime="20210120 16:45:16.083"></status>
</kw>
<kw name="Input Text" library="SeleniumLibrary">
<doc>Types the given ``text`` into the text field identified by ``locator``.</doc>
<arguments>
<arg>${order categorie}</arg>
<arg>1</arg>
</arguments>
<msg timestamp="20210120 16:45:16.084" level="INFO">Typing text '1' into text field '//*[@id="modal-article"]/ngb-modal-window/div/div/app-ajout-category/div/div[2]/div/div[1]/div/div[3]/input'.</msg>
<status status="PASS" starttime="20210120 16:45:16.083" endtime="20210120 16:45:17.774"></status>
</kw>
<kw name="Click Element" library="SeleniumLibrary">
<doc>Click the element identified by ``locator``.</doc>
<arguments>
<arg>${ajout regroupement input}</arg>
</arguments>
<msg timestamp="20210120 16:45:17.775" level="INFO">Clicking element '//*[@id="dropdown-regroupement"]'.</msg>
<status status="PASS" starttime="20210120 16:45:17.774" endtime="20210120 16:45:18.890"></status>
</kw>
<kw name="Click Element" library="SeleniumLibrary">
<doc>Click the element identified by ``locator``.</doc>
<arguments>
<arg>${ajout regroupement azerty}</arg>
</arguments>
<msg timestamp="20210120 16:45:18.891" level="INFO">Clicking element '//*[@id="affiliation-categorie-content"]/div/div/div[2]/div/div/div/a[3]'.</msg>
<status status="PASS" starttime="20210120 16:45:18.891" endtime="20210120 16:45:19.997"></status>
</kw>
<kw name="Sleep" library="BuiltIn">
<doc>Pauses the test executed for the given time.</doc>
<arguments>
<arg>3s</arg>
</arguments>
<msg timestamp="20210120 16:45:23.001" level="INFO">Slept 3 seconds</msg>
<status status="PASS" starttime="20210120 16:45:19.998" endtime="20210120 16:45:23.001"></status>
</kw>
<kw name="Click Element" library="SeleniumLibrary">
<doc>Click the element identified by ``locator``.</doc>
<arguments>
<arg>${bouton valider categorie}</arg>
</arguments>
<msg timestamp="20210120 16:45:23.002" level="INFO">Clicking element '//*[@id="modal-article"]/ngb-modal-window/div/div/app-ajout-category/div/div[3]/button[2]'.</msg>
<status status="PASS" starttime="20210120 16:45:23.002" endtime="20210120 16:45:24.084"></status>
</kw>
<kw name="Sleep" library="BuiltIn">
<doc>Pauses the test executed for the given time.</doc>
<arguments>
<arg>3s</arg>
</arguments>
<msg timestamp="20210120 16:45:27.090" level="INFO">Slept 3 seconds</msg>
<status status="PASS" starttime="20210120 16:45:24.084" endtime="20210120 16:45:27.091"></status>
</kw>
<kw name="Capture Page Screenshot" library="SeleniumLibrary">
<doc>Takes a screenshot of the current page and embeds it into a log file.</doc>
<msg timestamp="20210120 16:45:27.963" level="INFO" html="yes">&lt;/td&gt;&lt;/tr&gt;&lt;tr&gt;&lt;td colspan="3"&gt;&lt;a href="selenium-screenshot-65.png"&gt;&lt;img src="selenium-screenshot-65.png" width="800px"&gt;&lt;/a&gt;</msg>
<status status="PASS" starttime="20210120 16:45:27.091" endtime="20210120 16:45:27.963"></status>
</kw>
<status status="PASS" starttime="20210120 16:45:08.491" endtime="20210120 16:45:27.964"></status>
</kw>
<kw name="Voir Détails catégorie [Categorie__test__01]" library="GA_categorie">
<arguments>
<arg>${icone action}</arg>
<arg>${Voir detail}</arg>
<arg>${fermer modale}</arg>
</arguments>
<kw name="Set Selenium Speed" library="SeleniumLibrary">
<doc>Sets the delay that is waited after each Selenium command.</doc>
<arguments>
<arg>0.5s</arg>
</arguments>
<status status="PASS" starttime="20210120 16:45:27.965" endtime="20210120 16:45:27.966"></status>
</kw>
<kw name="Click Element" library="SeleniumLibrary">
<doc>Click the element identified by ``locator``.</doc>
<arguments>
<arg>${icone action}</arg>
</arguments>
<msg timestamp="20210120 16:45:27.967" level="INFO">Clicking element '//*[@id="accordionSubList2"]/div[2]/div[28]/div[1]/div[1]/div/button'.</msg>
<status status="PASS" starttime="20210120 16:45:27.966" endtime="20210120 16:45:29.128"></status>
</kw>
<kw name="Click Element" library="SeleniumLibrary">
<doc>Click the element identified by ``locator``.</doc>
<arguments>
<arg>${Voir detail}</arg>
</arguments>
<msg timestamp="20210120 16:45:29.129" level="INFO">Clicking element '//*[@id="accordionSubList2"]/div[2]/div[28]/div[1]/div[1]/div/div/div[1]/span'.</msg>
<status status="PASS" starttime="20210120 16:45:29.128" endtime="20210120 16:45:30.247"></status>
</kw>
<kw name="Click Element" library="SeleniumLibrary">
<doc>Click the element identified by ``locator``.</doc>
<arguments>
<arg>${fermer modale}</arg>
</arguments>
<msg timestamp="20210120 16:45:30.248" level="INFO">Clicking element '//*[@id="modal-article"]/ngb-modal-window/div/div/app-detail-sous-famille/div/div[3]/button'.</msg>
<status status="PASS" starttime="20210120 16:45:30.247" endtime="20210120 16:45:31.351"></status>
</kw>
<status status="PASS" starttime="20210120 16:45:27.964" endtime="20210120 16:45:31.352"></status>
</kw>
<kw name="Mofication categorie [Categorie__test__01__edited]" library="GA_categorie">
<arguments>
<arg>${designation categorie}</arg>
<arg>${code categorie}</arg>
<arg>${modifier categorie}</arg>
<arg>${valider}</arg>
</arguments>
<kw name="Set Selenium Speed" library="SeleniumLibrary">
<doc>Sets the delay that is waited after each Selenium command.</doc>
<arguments>
<arg>0.5s</arg>
</arguments>
<status status="PASS" starttime="20210120 16:45:31.354" endtime="20210120 16:45:31.355"></status>
</kw>
<kw name="Click Element" library="SeleniumLibrary">
<doc>Click the element identified by ``locator``.</doc>
<arguments>
<arg>${modifier categorie}</arg>
</arguments>
<msg timestamp="20210120 16:45:31.356" level="INFO">Clicking element '//*[@id="accordionSubList2"]/div[2]/div[28]/div[1]/div[1]/div/div/div[2]/span'.</msg>
<status status="PASS" starttime="20210120 16:45:31.355" endtime="20210120 16:45:32.507"></status>
</kw>
<kw name="Input Text" library="SeleniumLibrary">
<doc>Types the given ``text`` into the text field identified by ``locator``.</doc>
<arguments>
<arg>${designation categorie}</arg>
<arg>Categorie__test__01__edited</arg>
</arguments>
<msg timestamp="20210120 16:45:32.509" level="INFO">Typing text 'Categorie__test__01__edited' into text field '//*[@id="designation-art"]'.</msg>
<status status="PASS" starttime="20210120 16:45:32.508" endtime="20210120 16:45:34.351"></status>
</kw>
<kw name="Input Text" library="SeleniumLibrary">
<doc>Types the given ``text`` into the text field identified by ``locator``.</doc>
<arguments>
<arg>${code categorie}</arg>
<arg>55</arg>
</arguments>
<msg timestamp="20210120 16:45:34.352" level="INFO">Typing text '55' into text field '//*[@id="modal-article"]/ngb-modal-window/div/div/app-ajout-category/div/div[2]/div/div[1]/div/div[2]/input'.</msg>
<status status="PASS" starttime="20210120 16:45:34.351" endtime="20210120 16:45:36.223"></status>
</kw>
<kw name="Sleep" library="BuiltIn">
<doc>Pauses the test executed for the given time.</doc>
<arguments>
<arg>2s</arg>
</arguments>
<msg timestamp="20210120 16:45:38.235" level="INFO">Slept 2 seconds</msg>
<status status="PASS" starttime="20210120 16:45:36.223" endtime="20210120 16:45:38.235"></status>
</kw>
<kw name="Click Element" library="SeleniumLibrary">
<doc>Click the element identified by ``locator``.</doc>
<arguments>
<arg>${valider}</arg>
</arguments>
<msg timestamp="20210120 16:45:38.236" level="INFO">Clicking element 'xpath=//button[contains(text(),'Valider')]'.</msg>
<status status="PASS" starttime="20210120 16:45:38.235" endtime="20210120 16:45:39.316"></status>
</kw>
<status status="PASS" starttime="20210120 16:45:31.353" endtime="20210120 16:45:39.316"></status>
</kw>
<kw name="Suppression categorie [Categorie__test__01]" library="GA_categorie">
<arguments>
<arg>${icone action}</arg>
<arg>${Supprimer categorie}</arg>
<arg>${confirmer suppression}</arg>
</arguments>
<kw name="Sleep" library="BuiltIn">
<doc>Pauses the test executed for the given time.</doc>
<arguments>
<arg>3s</arg>
</arguments>
<msg timestamp="20210120 16:45:42.329" level="INFO">Slept 3 seconds</msg>
<status status="PASS" starttime="20210120 16:45:39.318" endtime="20210120 16:45:42.329"></status>
</kw>
<kw name="Click Element" library="SeleniumLibrary">
<doc>Click the element identified by ``locator``.</doc>
<arguments>
<arg>${icone action}</arg>
</arguments>
<msg timestamp="20210120 16:45:42.330" level="INFO">Clicking element '//*[@id="accordionSubList2"]/div[2]/div[28]/div[1]/div[1]/div/button'.</msg>
<status status="PASS" starttime="20210120 16:45:42.329" endtime="20210120 16:45:43.428"></status>
</kw>
<kw name="Click Element" library="SeleniumLibrary">
<doc>Click the element identified by ``locator``.</doc>
<arguments>
<arg>${Supprimer categorie}</arg>
</arguments>
<msg timestamp="20210120 16:45:43.429" level="INFO">Clicking element '//*[@id="accordionSubList2"]/div[2]/div[28]/div[1]/div[1]/div/div/div[3]/span'.</msg>
<status status="PASS" starttime="20210120 16:45:43.428" endtime="20210120 16:45:44.553"></status>
</kw>
<kw name="Click Element" library="SeleniumLibrary">
<doc>Click the element identified by ``locator``.</doc>
<arguments>
<arg>${confirmer suppression}</arg>
</arguments>
<msg timestamp="20210120 16:45:44.554" level="INFO">Clicking element '//*[@id="modal-article"]/ngb-modal-window/div/div/app-confirmation-suppression/div/div[3]/button[2]'.</msg>
<status status="PASS" starttime="20210120 16:45:44.553" endtime="20210120 16:45:45.661"></status>
</kw>
<status status="PASS" starttime="20210120 16:45:39.317" endtime="20210120 16:45:45.662"></status>
</kw>
<status status="PASS" starttime="20210120 16:45:08.490" endtime="20210120 16:45:45.662" critical="yes"></status>
</test>
<test id="s1-t5" name="Gestion Des Articles [Famille]">
<kw name="Ajout Famille [Famille_test__01]" library="GA_famille">
<kw name="Page Should Not Contain" library="SeleniumLibrary">
<doc>Verifies the current page does not contain ``text``.</doc>
<arguments>
<arg>Famille_test__01</arg>
</arguments>
<msg timestamp="20210120 16:45:47.270" level="INFO">Current page does not contain text 'Famille_test__01'.</msg>
<status status="PASS" starttime="20210120 16:45:45.666" endtime="20210120 16:45:47.270"></status>
</kw>
<kw name="Sleep" library="BuiltIn">
<doc>Pauses the test executed for the given time.</doc>
<arguments>
<arg>5s</arg>
</arguments>
<msg timestamp="20210120 16:45:52.275" level="INFO">Slept 5 seconds</msg>
<status status="PASS" starttime="20210120 16:45:47.270" endtime="20210120 16:45:52.275"></status>
</kw>
<kw name="Capture Page Screenshot" library="SeleniumLibrary">
<doc>Takes a screenshot of the current page and embeds it into a log file.</doc>
<msg timestamp="20210120 16:45:53.160" level="INFO" html="yes">&lt;/td&gt;&lt;/tr&gt;&lt;tr&gt;&lt;td colspan="3"&gt;&lt;a href="selenium-screenshot-66.png"&gt;&lt;img src="selenium-screenshot-66.png" width="800px"&gt;&lt;/a&gt;</msg>
<status status="PASS" starttime="20210120 16:45:52.275" endtime="20210120 16:45:53.161"></status>
</kw>
<kw name="Set Selenium Speed" library="SeleniumLibrary">
<doc>Sets the delay that is waited after each Selenium command.</doc>
<arguments>
<arg>1s</arg>
</arguments>
<status status="PASS" starttime="20210120 16:45:53.161" endtime="20210120 16:45:53.161"></status>
</kw>
<kw name="Click Element" library="SeleniumLibrary">
<doc>Click the element identified by ``locator``.</doc>
<arguments>
<arg>xpath=(.//*[@class='btn btn-red'])[3]</arg>
</arguments>
<msg timestamp="20210120 16:45:53.162" level="INFO">Clicking element 'xpath=(.//*[@class='btn btn-red'])[3]'.</msg>
<status status="PASS" starttime="20210120 16:45:53.162" endtime="20210120 16:45:55.278"></status>
</kw>
<kw name="Input Text" library="SeleniumLibrary">
<doc>Types the given ``text`` into the text field identified by ``locator``.</doc>
<arguments>
<arg>xpath=(.//*[@type='text'])[2]</arg>
<arg>Famille_test__01</arg>
</arguments>
<msg timestamp="20210120 16:45:55.279" level="INFO">Typing text 'Famille_test__01' into text field 'xpath=(.//*[@type='text'])[2]'.</msg>
<status status="PASS" starttime="20210120 16:45:55.279" endtime="20210120 16:45:58.598"></status>
</kw>
<kw name="Input Text" library="SeleniumLibrary">
<doc>Types the given ``text`` into the text field identified by ``locator``.</doc>
<arguments>
<arg>xpath=(.//*[@type='text'])[3]</arg>
<arg>XX</arg>
</arguments>
<msg timestamp="20210120 16:45:58.599" level="INFO">Typing text 'XX' into text field 'xpath=(.//*[@type='text'])[3]'.</msg>
<status status="PASS" starttime="20210120 16:45:58.598" endtime="20210120 16:46:01.775"></status>
</kw>
<kw name="Click Element" library="SeleniumLibrary">
<doc>Click the element identified by ``locator``.</doc>
<arguments>
<arg>xpath=(//a[contains(text(),'Sélectionner')])[1]</arg>
</arguments>
<msg timestamp="20210120 16:46:01.776" level="INFO">Clicking element 'xpath=(//a[contains(text(),'Sélectionner')])[1]'.</msg>
<status status="PASS" starttime="20210120 16:46:01.775" endtime="20210120 16:46:03.877"></status>
</kw>
<kw name="Click Element" library="SeleniumLibrary">
<doc>Click the element identified by ``locator``.</doc>
<arguments>
<arg>xpath=//a[contains(text(),'azerty')]</arg>
</arguments>
<msg timestamp="20210120 16:46:03.878" level="INFO">Clicking element 'xpath=//a[contains(text(),'azerty')]'.</msg>
<status status="PASS" starttime="20210120 16:46:03.878" endtime="20210120 16:46:05.989"></status>
</kw>
<kw name="Click Element" library="SeleniumLibrary">
<doc>Click the element identified by ``locator``.</doc>
<arguments>
<arg>xpath=//a[contains(text(),'Sélectionner')]</arg>
</arguments>
<msg timestamp="20210120 16:46:05.990" level="INFO">Clicking element 'xpath=//a[contains(text(),'Sélectionner')]'.</msg>
<status status="PASS" starttime="20210120 16:46:05.989" endtime="20210120 16:46:08.099"></status>
</kw>
<kw name="Click Link" library="SeleniumLibrary">
<doc>Clicks a link identified by ``locator``.</doc>
<arguments>
<arg>xpath=//*[@id="affiliation-categorie-content"]/div[2]/div/div[2]/div/div/div/a</arg>
</arguments>
<msg timestamp="20210120 16:46:08.099" level="INFO">Clicking link 'xpath=//*[@id="affiliation-categorie-content"]/div[2]/div/div[2]/div/div/div/a'.</msg>
<status status="PASS" starttime="20210120 16:46:08.099" endtime="20210120 16:46:11.201"></status>
</kw>
<kw name="Click Element" library="SeleniumLibrary">
<doc>Click the element identified by ``locator``.</doc>
<arguments>
<arg>xpath=//button[contains(text(),'Valider')]</arg>
</arguments>
<msg timestamp="20210120 16:46:11.202" level="INFO">Clicking element 'xpath=//button[contains(text(),'Valider')]'.</msg>
<status status="PASS" starttime="20210120 16:46:11.201" endtime="20210120 16:46:13.275"></status>
</kw>
<kw name="Sleep" library="BuiltIn">
<doc>Pauses the test executed for the given time.</doc>
<arguments>
<arg>3s</arg>
</arguments>
<msg timestamp="20210120 16:46:16.286" level="INFO">Slept 3 seconds</msg>
<status status="PASS" starttime="20210120 16:46:13.275" endtime="20210120 16:46:16.286"></status>
</kw>
<status status="PASS" starttime="20210120 16:45:45.666" endtime="20210120 16:46:16.287"></status>
</kw>
<kw name="Voir Détails Famille [Famille_test__01]" library="GA_famille">
<arguments>
<arg>${action famille}</arg>
<arg>${Voir détails famille}</arg>
<arg>${Fermer Détails modale famile}</arg>
</arguments>
<kw name="Sleep" library="BuiltIn">
<doc>Pauses the test executed for the given time.</doc>
<arguments>
<arg>3s</arg>
</arguments>
<msg timestamp="20210120 16:46:19.292" level="INFO">Slept 3 seconds</msg>
<status status="PASS" starttime="20210120 16:46:16.288" endtime="20210120 16:46:19.292"></status>
</kw>
<kw name="Set Selenium Speed" library="SeleniumLibrary">
<doc>Sets the delay that is waited after each Selenium command.</doc>
<arguments>
<arg>0.5s</arg>
</arguments>
<status status="PASS" starttime="20210120 16:46:19.292" endtime="20210120 16:46:19.292"></status>
</kw>
<kw name="Click Element" library="SeleniumLibrary">
<doc>Click the element identified by ``locator``.</doc>
<arguments>
<arg>${action famille}</arg>
</arguments>
<msg timestamp="20210120 16:46:19.293" level="INFO">Clicking element '//*[@id="accordionSubList3"]/div[2]/div[76]/div[1]/div[1]/div/button'.</msg>
<status status="PASS" starttime="20210120 16:46:19.293" endtime="20210120 16:46:20.410"></status>
</kw>
<kw name="Click Element" library="SeleniumLibrary">
<doc>Click the element identified by ``locator``.</doc>
<arguments>
<arg>${Voir détails famille}</arg>
</arguments>
<msg timestamp="20210120 16:46:20.411" level="INFO">Clicking element '//*[@id="accordionSubList3"]/div[2]/div[76]/div[1]/div[1]/div/div/div[1]'.</msg>
<status status="PASS" starttime="20210120 16:46:20.410" endtime="20210120 16:46:21.535"></status>
</kw>
<kw name="Click Element" library="SeleniumLibrary">
<doc>Click the element identified by ``locator``.</doc>
<arguments>
<arg>${Fermer Détails modale famile}</arg>
</arguments>
<msg timestamp="20210120 16:46:21.536" level="INFO">Clicking element '//*[@id="modal-article"]/ngb-modal-window/div/div/app-detail-sous-famille/div/div[3]/button'.</msg>
<status status="PASS" starttime="20210120 16:46:21.536" endtime="20210120 16:46:22.637"></status>
</kw>
<status status="PASS" starttime="20210120 16:46:16.287" endtime="20210120 16:46:22.637"></status>
</kw>
<kw name="Modifier Famille [Famille_test__01]" library="GA_famille">
<arguments>
<arg>${Modifier famille}</arg>
<arg>${Désignation famille}</arg>
<arg>${Code Famille}</arg>
<arg>${ordre affichage famile}</arg>
<arg>${valider modification famille}</arg>
</arguments>
<kw name="Click Element" library="SeleniumLibrary">
<doc>Click the element identified by ``locator``.</doc>
<arguments>
<arg>${Modifier famille}</arg>
</arguments>
<msg timestamp="20210120 16:46:22.640" level="INFO">Clicking element '//*[@id="accordionSubList3"]/div[2]/div[76]/div[1]/div[1]/div/div/div[2]/span'.</msg>
<status status="PASS" starttime="20210120 16:46:22.640" endtime="20210120 16:46:23.736"></status>
</kw>
<kw name="Sleep" library="BuiltIn">
<doc>Pauses the test executed for the given time.</doc>
<arguments>
<arg>3s</arg>
</arguments>
<msg timestamp="20210120 16:46:26.750" level="INFO">Slept 3 seconds</msg>
<status status="PASS" starttime="20210120 16:46:23.736" endtime="20210120 16:46:26.750"></status>
</kw>
<kw name="Set Selenium Speed" library="SeleniumLibrary">
<doc>Sets the delay that is waited after each Selenium command.</doc>
<arguments>
<arg>0.5s</arg>
</arguments>
<status status="PASS" starttime="20210120 16:46:26.750" endtime="20210120 16:46:26.751"></status>
</kw>
<kw name="Input Text" library="SeleniumLibrary">
<doc>Types the given ``text`` into the text field identified by ``locator``.</doc>
<arguments>
<arg>${Désignation famille}</arg>
<arg>Famille_test__01__edited</arg>
</arguments>
<msg timestamp="20210120 16:46:26.752" level="INFO">Typing text 'Famille_test__01__edited' into text field '//*[@id="designation-art"]'.</msg>
<status status="PASS" starttime="20210120 16:46:26.751" endtime="20210120 16:46:28.799"></status>
</kw>
<kw name="Input Text" library="SeleniumLibrary">
<doc>Types the given ``text`` into the text field identified by ``locator``.</doc>
<arguments>
<arg>${Code Famille}</arg>
<arg>F1</arg>
</arguments>
<msg timestamp="20210120 16:46:28.800" level="INFO">Typing text 'F1' into text field '//*[@id="modal-article"]/ngb-modal-window/div/div/app-ajout-famille/div/div[2]/div/div[1]/div/div[2]/input'.</msg>
<status status="PASS" starttime="20210120 16:46:28.799" endtime="20210120 16:46:30.605"></status>
</kw>
<kw name="Input Text" library="SeleniumLibrary">
<doc>Types the given ``text`` into the text field identified by ``locator``.</doc>
<arguments>
<arg>${ordre affichage famile}</arg>
<arg>1</arg>
</arguments>
<msg timestamp="20210120 16:46:30.606" level="INFO">Typing text '1' into text field '//*[@id="modal-article"]/ngb-modal-window/div/div/app-ajout-famille/div/div[2]/div/div[1]/div/div[3]/input'.</msg>
<status status="PASS" starttime="20210120 16:46:30.605" endtime="20210120 16:46:32.287"></status>
</kw>
<kw name="Click Element" library="SeleniumLibrary">
<doc>Click the element identified by ``locator``.</doc>
<arguments>
<arg>${valider modification famille}</arg>
</arguments>
<msg timestamp="20210120 16:46:32.288" level="INFO">Clicking element '//*[@id="modal-article"]/ngb-modal-window/div/div/app-ajout-famille/div/div[3]/button[2]'.</msg>
<status status="PASS" starttime="20210120 16:46:32.287" endtime="20210120 16:46:33.397"></status>
</kw>
<status status="PASS" starttime="20210120 16:46:22.638" endtime="20210120 16:46:33.398"></status>
</kw>
<kw name="Suppression famille [Famille_test__01__edited]" library="GA_famille">
<arguments>
<arg>${Supprimer famille}</arg>
<arg>${confirmation de suppression famille}</arg>
</arguments>
<kw name="Click Element" library="SeleniumLibrary">
<doc>Click the element identified by ``locator``.</doc>
<arguments>
<arg>${Supprimer famille}</arg>
</arguments>
<msg timestamp="20210120 16:46:33.400" level="INFO">Clicking element '//*[@id="accordionSubList3"]/div[2]/div[76]/div[1]/div[1]/div/div/div[3]/span'.</msg>
<status status="PASS" starttime="20210120 16:46:33.400" endtime="20210120 16:46:34.584"></status>
</kw>
<kw name="Click Element" library="SeleniumLibrary">
<doc>Click the element identified by ``locator``.</doc>
<arguments>
<arg>${confirmation de suppression famille}</arg>
</arguments>
<msg timestamp="20210120 16:46:34.585" level="INFO">Clicking element '//*[@id="modal-article"]/ngb-modal-window/div/div/app-confirmation-suppression/div/div[3]/button[2]'.</msg>
<status status="PASS" starttime="20210120 16:46:34.584" endtime="20210120 16:46:35.698"></status>
</kw>
<status status="PASS" starttime="20210120 16:46:33.399" endtime="20210120 16:46:35.698"></status>
</kw>
<status status="PASS" starttime="20210120 16:45:45.665" endtime="20210120 16:46:35.699" critical="yes"></status>
</test>
<test id="s1-t6" name="Gestion Des Packs">
<kw name="Création d'un nouveau Pack [Robot__Pack__Test]" library="GA_article_Pack">
<arguments>
<arg>${Name}</arg>
<arg>${bouton toggle}</arg>
<arg>${btn nouveau Pack}</arg>
<arg>${nom Pack}</arg>
<arg>${Valider ajout}</arg>
</arguments>
<kw name="Sleep" library="BuiltIn">
<doc>Pauses the test executed for the given time.</doc>
<arguments>
<arg>5s</arg>
</arguments>
<msg timestamp="20210120 16:46:40.715" level="INFO">Slept 5 seconds</msg>
<status status="PASS" starttime="20210120 16:46:35.706" endtime="20210120 16:46:40.716"></status>
</kw>
<kw name="Set Selenium Speed" library="SeleniumLibrary">
<doc>Sets the delay that is waited after each Selenium command.</doc>
<arguments>
<arg>0.5s</arg>
</arguments>
<status status="PASS" starttime="20210120 16:46:40.716" endtime="20210120 16:46:40.717"></status>
</kw>
<kw name="Click Element" library="SeleniumLibrary">
<doc>Click the element identified by ``locator``.</doc>
<arguments>
<arg>${bouton toggle}</arg>
</arguments>
<msg timestamp="20210120 16:46:40.718" level="INFO">Clicking element '//label[@for="catalogueArticle"]'.</msg>
<status status="PASS" starttime="20210120 16:46:40.717" endtime="20210120 16:46:41.907"></status>
</kw>
<kw name="Sleep" library="BuiltIn">
<doc>Pauses the test executed for the given time.</doc>
<arguments>
<arg>3s</arg>
</arguments>
<msg timestamp="20210120 16:46:44.915" level="INFO">Slept 3 seconds</msg>
<status status="PASS" starttime="20210120 16:46:41.907" endtime="20210120 16:46:44.915"></status>
</kw>
<kw name="Page Should Not Contain" library="SeleniumLibrary">
<doc>Verifies the current page does not contain ``text``.</doc>
<arguments>
<arg>${Name}</arg>
</arguments>
<msg timestamp="20210120 16:46:46.470" level="INFO">Current page does not contain text 'Robot__Pack__test'.</msg>
<status status="PASS" starttime="20210120 16:46:44.915" endtime="20210120 16:46:46.470"></status>
</kw>
<kw name="Capture Page Screenshot" library="SeleniumLibrary">
<doc>Takes a screenshot of the current page and embeds it into a log file.</doc>
<msg timestamp="20210120 16:46:47.395" level="INFO" html="yes">&lt;/td&gt;&lt;/tr&gt;&lt;tr&gt;&lt;td colspan="3"&gt;&lt;a href="selenium-screenshot-67.png"&gt;&lt;img src="selenium-screenshot-67.png" width="800px"&gt;&lt;/a&gt;</msg>
<status status="PASS" starttime="20210120 16:46:46.470" endtime="20210120 16:46:47.395"></status>
</kw>
<kw name="Click Element" library="SeleniumLibrary">
<doc>Click the element identified by ``locator``.</doc>
<arguments>
<arg>//span[@class="textButton"]</arg>
</arguments>
<msg timestamp="20210120 16:46:47.396" level="INFO">Clicking element '//span[@class="textButton"]'.</msg>
<status status="PASS" starttime="20210120 16:46:47.395" endtime="20210120 16:46:48.524"></status>
</kw>
<kw name="Input Text" library="SeleniumLibrary">
<doc>Types the given ``text`` into the text field identified by ``locator``.</doc>
<arguments>
<arg>//input[@name="nom-pack-article"]</arg>
<arg>${Name}</arg>
</arguments>
<msg timestamp="20210120 16:46:48.525" level="INFO">Typing text 'Robot__Pack__test' into text field '//input[@name="nom-pack-article"]'.</msg>
<status status="PASS" starttime="20210120 16:46:48.524" endtime="20210120 16:46:50.173"></status>
</kw>
<kw name="Click Element" library="SeleniumLibrary">
<doc>Click the element identified by ``locator``.</doc>
<arguments>
<arg>//button[@class="btn btn-red btn-valider"]</arg>
</arguments>
<msg timestamp="20210120 16:46:50.174" level="INFO">Clicking element '//button[@class="btn btn-red btn-valider"]'.</msg>
<status status="PASS" starttime="20210120 16:46:50.173" endtime="20210120 16:46:51.266"></status>
</kw>
<kw name="Capture Page Screenshot" library="SeleniumLibrary">
<doc>Takes a screenshot of the current page and embeds it into a log file.</doc>
<msg timestamp="20210120 16:46:52.250" level="INFO" html="yes">&lt;/td&gt;&lt;/tr&gt;&lt;tr&gt;&lt;td colspan="3"&gt;&lt;a href="selenium-screenshot-68.png"&gt;&lt;img src="selenium-screenshot-68.png" width="800px"&gt;&lt;/a&gt;</msg>
<status status="PASS" starttime="20210120 16:46:51.266" endtime="20210120 16:46:52.250"></status>
</kw>
<status status="PASS" starttime="20210120 16:46:35.704" endtime="20210120 16:46:52.250"></status>
</kw>
<kw name="Ajouter des Articles dans Pack" library="GA_article_Pack">
<kw name="Sleep" library="BuiltIn">
<doc>Pauses the test executed for the given time.</doc>
<arguments>
<arg>5s</arg>
</arguments>
<msg timestamp="20210120 16:46:57.266" level="INFO">Slept 5 seconds</msg>
<status status="PASS" starttime="20210120 16:46:52.251" endtime="20210120 16:46:57.266"></status>
</kw>
<kw name="Go To" library="SeleniumLibrary">
<doc>Navigates the current browser window to the provided ``url``.</doc>
<arguments>
<arg>https://recette.makeitpulse.com/tom-immo/articles/list</arg>
</arguments>
<msg timestamp="20210120 16:46:57.267" level="INFO">Opening url 'https://recette.makeitpulse.com/tom-immo/articles/list'</msg>
<status status="PASS" starttime="20210120 16:46:57.266" endtime="20210120 16:46:58.121"></status>
</kw>
<kw name="Sleep" library="BuiltIn">
<doc>Pauses the test executed for the given time.</doc>
<arguments>
<arg>20s</arg>
</arguments>
<msg timestamp="20210120 16:47:18.126" level="INFO">Slept 20 seconds</msg>
<status status="PASS" starttime="20210120 16:46:58.121" endtime="20210120 16:47:18.127"></status>
</kw>
<kw name="Click Element" library="SeleniumLibrary">
<doc>Click the element identified by ``locator``.</doc>
<arguments>
<arg>//input[@class="checkbox-table ng-untouched ng-pristine ng-valid"]</arg>
</arguments>
<msg timestamp="20210120 16:47:18.128" level="INFO">Clicking element '//input[@class="checkbox-table ng-untouched ng-pristine ng-valid"]'.</msg>
<status status="PASS" starttime="20210120 16:47:18.128" endtime="20210120 16:47:19.238"></status>
</kw>
<kw name="Click Element" library="SeleniumLibrary">
<doc>Click the element identified by ``locator``.</doc>
<arguments>
<arg>//input[@class="checkbox-table ng-untouched ng-pristine ng-valid"]</arg>
</arguments>
<msg timestamp="20210120 16:47:19.239" level="INFO">Clicking element '//input[@class="checkbox-table ng-untouched ng-pristine ng-valid"]'.</msg>
<status status="PASS" starttime="20210120 16:47:19.239" endtime="20210120 16:47:20.350"></status>
</kw>
<kw name="Click Element" library="SeleniumLibrary">
<doc>Click the element identified by ``locator``.</doc>
<arguments>
<arg>//input[@class="checkbox-table ng-untouched ng-pristine ng-valid"]</arg>
</arguments>
<msg timestamp="20210120 16:47:20.351" level="INFO">Clicking element '//input[@class="checkbox-table ng-untouched ng-pristine ng-valid"]'.</msg>
<status status="PASS" starttime="20210120 16:47:20.350" endtime="20210120 16:47:21.447"></status>
</kw>
<kw name="Click Element" library="SeleniumLibrary">
<doc>Click the element identified by ``locator``.</doc>
<arguments>
<arg>//input[@class="checkbox-table ng-untouched ng-pristine ng-valid"]</arg>
</arguments>
<msg timestamp="20210120 16:47:21.447" level="INFO">Clicking element '//input[@class="checkbox-table ng-untouched ng-pristine ng-valid"]'.</msg>
<status status="PASS" starttime="20210120 16:47:21.447" endtime="20210120 16:47:22.545"></status>
</kw>
<kw name="Click Element" library="SeleniumLibrary">
<doc>Click the element identified by ``locator``.</doc>
<arguments>
<arg>//*[@id="header5ItemList"]/div[1]/div[2]/button[1]</arg>
</arguments>
<msg timestamp="20210120 16:47:22.545" level="INFO">Clicking element '//*[@id="header5ItemList"]/div[1]/div[2]/button[1]'.</msg>
<status status="PASS" starttime="20210120 16:47:22.545" endtime="20210120 16:47:23.710"></status>
</kw>
<kw name="Click Link" library="SeleniumLibrary">
<doc>Clicks a link identified by ``locator``.</doc>
<arguments>
<arg>//a[@id="dropdown-packExistant"]</arg>
</arguments>
<msg timestamp="20210120 16:47:23.711" level="INFO">Clicking link '//a[@id="dropdown-packExistant"]'.</msg>
<status status="PASS" starttime="20210120 16:47:23.711" endtime="20210120 16:47:25.308"></status>
</kw>
<kw name="Click Link" library="SeleniumLibrary">
<doc>Clicks a link identified by ``locator``.</doc>
<arguments>
<arg>xpath=(//a[@class="dropdown-item"])[26]</arg>
</arguments>
<msg timestamp="20210120 16:47:25.309" level="INFO">Clicking link 'xpath=(//a[@class="dropdown-item"])[26]'.</msg>
<status status="PASS" starttime="20210120 16:47:25.309" endtime="20210120 16:47:26.926"></status>
</kw>
<kw name="Click Element" library="SeleniumLibrary">
<doc>Click the element identified by ``locator``.</doc>
<arguments>
<arg>//button[@class="btn btn-red btn-ajouter"]</arg>
</arguments>
<msg timestamp="20210120 16:47:26.926" level="INFO">Clicking element '//button[@class="btn btn-red btn-ajouter"]'.</msg>
<status status="PASS" starttime="20210120 16:47:26.926" endtime="20210120 16:47:28.023"></status>
</kw>
<status status="PASS" starttime="20210120 16:46:52.251" endtime="20210120 16:47:28.023"></status>
</kw>
<kw name="Voir Détails Pack" library="GA_article_Pack">
<arguments>
<arg>${bouton toggle}</arg>
</arguments>
<kw name="Sleep" library="BuiltIn">
<doc>Pauses the test executed for the given time.</doc>
<arguments>
<arg>2s</arg>
</arguments>
<msg timestamp="20210120 16:47:30.028" level="INFO">Slept 2 seconds</msg>
<status status="PASS" starttime="20210120 16:47:28.025" endtime="20210120 16:47:30.029"></status>
</kw>
<kw name="Click Element" library="SeleniumLibrary">
<doc>Click the element identified by ``locator``.</doc>
<arguments>
<arg>${bouton toggle}</arg>
</arguments>
<msg timestamp="20210120 16:47:30.029" level="INFO">Clicking element '//label[@for="catalogueArticle"]'.</msg>
<status status="PASS" starttime="20210120 16:47:30.029" endtime="20210120 16:47:31.189"></status>
</kw>
<kw name="Sleep" library="BuiltIn">
<doc>Pauses the test executed for the given time.</doc>
<arguments>
<arg>2s</arg>
</arguments>
<msg timestamp="20210120 16:47:33.204" level="INFO">Slept 2 seconds</msg>
<status status="PASS" starttime="20210120 16:47:31.189" endtime="20210120 16:47:33.204"></status>
</kw>
<kw name="Click Element" library="SeleniumLibrary">
<doc>Click the element identified by ``locator``.</doc>
<arguments>
<arg>xpath=(//ul[@class="list-unstyled list-infos"])[5]</arg>
</arguments>
<msg timestamp="20210120 16:47:33.205" level="INFO">Clicking element 'xpath=(//ul[@class="list-unstyled list-infos"])[5]'.</msg>
<status status="PASS" starttime="20210120 16:47:33.204" endtime="20210120 16:47:34.327"></status>
</kw>
<status status="PASS" starttime="20210120 16:47:28.024" endtime="20210120 16:47:34.327"></status>
</kw>
<kw name="Modifier Pack" library="GA_article_Pack">
<kw name="Sleep" library="BuiltIn">
<doc>Pauses the test executed for the given time.</doc>
<arguments>
<arg>3s</arg>
</arguments>
<msg timestamp="20210120 16:47:37.335" level="INFO">Slept 3 seconds</msg>
<status status="PASS" starttime="20210120 16:47:34.329" endtime="20210120 16:47:37.335"></status>
</kw>
<kw name="Click Element" library="SeleniumLibrary">
<doc>Click the element identified by ``locator``.</doc>
<arguments>
<arg>//i[@class="icon-pencil"]</arg>
</arguments>
<msg timestamp="20210120 16:47:37.336" level="INFO">Clicking element '//i[@class="icon-pencil"]'.</msg>
<status status="PASS" starttime="20210120 16:47:37.335" endtime="20210120 16:47:38.420"></status>
</kw>
<kw name="Input Text" library="SeleniumLibrary">
<doc>Types the given ``text`` into the text field identified by ``locator``.</doc>
<arguments>
<arg>//input[@name="nom-pack-article"]</arg>
<arg>Robot__Pack__test__edited</arg>
</arguments>
<msg timestamp="20210120 16:47:38.420" level="INFO">Typing text 'Robot__Pack__test__edited' into text field '//input[@name="nom-pack-article"]'.</msg>
<status status="PASS" starttime="20210120 16:47:38.420" endtime="20210120 16:47:40.145"></status>
</kw>
<kw name="Click Element" library="SeleniumLibrary">
<doc>Click the element identified by ``locator``.</doc>
<arguments>
<arg>//button[@class="btn btn-red btn-valider"]</arg>
</arguments>
<msg timestamp="20210120 16:47:40.146" level="INFO">Clicking element '//button[@class="btn btn-red btn-valider"]'.</msg>
<status status="PASS" starttime="20210120 16:47:40.145" endtime="20210120 16:47:41.220"></status>
</kw>
<status status="PASS" starttime="20210120 16:47:34.328" endtime="20210120 16:47:41.220"></status>
</kw>
<kw name="Supprimer article dans Pack" library="GA_article_Pack">
<kw name="Sleep" library="BuiltIn">
<doc>Pauses the test executed for the given time.</doc>
<arguments>
<arg>5s</arg>
</arguments>
<msg timestamp="20210120 16:47:46.229" level="INFO">Slept 5 seconds</msg>
<status status="PASS" starttime="20210120 16:47:41.221" endtime="20210120 16:47:46.229"></status>
</kw>
<kw name="Click Element" library="SeleniumLibrary">
<doc>Click the element identified by ``locator``.</doc>
<arguments>
<arg>xpath=(//i[@class="icon-delete"])[4]</arg>
</arguments>
<msg timestamp="20210120 16:47:46.230" level="INFO">Clicking element 'xpath=(//i[@class="icon-delete"])[4]'.</msg>
<status status="PASS" starttime="20210120 16:47:46.229" endtime="20210120 16:47:47.315"></status>
</kw>
<kw name="Click Element" library="SeleniumLibrary">
<doc>Click the element identified by ``locator``.</doc>
<arguments>
<arg>//button[@class="btn btn-red btn-supprimer"]</arg>
</arguments>
<msg timestamp="20210120 16:47:47.316" level="INFO">Clicking element '//button[@class="btn btn-red btn-supprimer"]'.</msg>
<status status="PASS" starttime="20210120 16:47:47.315" endtime="20210120 16:47:48.388"></status>
</kw>
<kw name="Click Element" library="SeleniumLibrary">
<doc>Click the element identified by ``locator``.</doc>
<arguments>
<arg>xpath=(//i[@class="icon-delete"])[3]</arg>
</arguments>
<msg timestamp="20210120 16:47:48.388" level="INFO">Clicking element 'xpath=(//i[@class="icon-delete"])[3]'.</msg>
<status status="PASS" starttime="20210120 16:47:48.388" endtime="20210120 16:47:49.455"></status>
</kw>
<kw name="Click Element" library="SeleniumLibrary">
<doc>Click the element identified by ``locator``.</doc>
<arguments>
<arg>//button[@class="btn btn-red btn-supprimer"]</arg>
</arguments>
<msg timestamp="20210120 16:47:49.455" level="INFO">Clicking element '//button[@class="btn btn-red btn-supprimer"]'.</msg>
<status status="PASS" starttime="20210120 16:47:49.455" endtime="20210120 16:47:50.518"></status>
</kw>
<status status="PASS" starttime="20210120 16:47:41.221" endtime="20210120 16:47:50.518"></status>
</kw>
<kw name="Supprimer Pack" library="GA_article_Pack">
<kw name="Sleep" library="BuiltIn">
<doc>Pauses the test executed for the given time.</doc>
<arguments>
<arg>3s</arg>
</arguments>
<msg timestamp="20210120 16:47:53.524" level="INFO">Slept 3 seconds</msg>
<status status="PASS" starttime="20210120 16:47:50.520" endtime="20210120 16:47:53.524"></status>
</kw>
<kw name="Click Element" library="SeleniumLibrary">
<doc>Click the element identified by ``locator``.</doc>
<arguments>
<arg>//i[@class="icon-delete"]</arg>
</arguments>
<msg timestamp="20210120 16:47:53.525" level="INFO">Clicking element '//i[@class="icon-delete"]'.</msg>
<status status="PASS" starttime="20210120 16:47:53.524" endtime="20210120 16:47:54.595"></status>
</kw>
<kw name="Click Element" library="SeleniumLibrary">
<doc>Click the element identified by ``locator``.</doc>
<arguments>
<arg>//button[@class="btn btn-red btn-supprimer"]</arg>
</arguments>
<msg timestamp="20210120 16:47:54.595" level="INFO">Clicking element '//button[@class="btn btn-red btn-supprimer"]'.</msg>
<status status="PASS" starttime="20210120 16:47:54.595" endtime="20210120 16:47:55.664"></status>
</kw>
<status status="PASS" starttime="20210120 16:47:50.519" endtime="20210120 16:47:55.664"></status>
</kw>
<status status="PASS" starttime="20210120 16:46:35.703" endtime="20210120 16:47:55.665" critical="yes"></status>
</test>
<test id="s1-t7" name="Deconnexion_Admin">
<kw name="Go To" library="SeleniumLibrary">
<doc>Navigates the current browser window to the provided ``url``.</doc>
<arguments>
<arg>https://recette.makeitpulse.com/tom-immo/articles/list</arg>
</arguments>
<msg timestamp="20210120 16:47:55.668" level="INFO">Opening url 'https://recette.makeitpulse.com/tom-immo/articles/list'</msg>
<status status="PASS" starttime="20210120 16:47:55.667" endtime="20210120 16:47:56.653"></status>
</kw>
<kw name="Click Element" library="SeleniumLibrary">
<doc>Click the element identified by ``locator``.</doc>
<arguments>
<arg>xpath=.//*[@class='tool-link tool-user']</arg>
</arguments>
<msg timestamp="20210120 16:47:56.654" level="INFO">Clicking element 'xpath=.//*[@class='tool-link tool-user']'.</msg>
<status status="PASS" starttime="20210120 16:47:56.653" endtime="20210120 16:47:57.737"></status>
</kw>
<kw name="Click Element" library="SeleniumLibrary">
<doc>Click the element identified by ``locator``.</doc>
<arguments>
<arg>xpath=.//*[@class='text-logout']</arg>
</arguments>
<msg timestamp="20210120 16:47:57.738" level="INFO">Clicking element 'xpath=.//*[@class='text-logout']'.</msg>
<status status="PASS" starttime="20210120 16:47:57.738" endtime="20210120 16:47:59.122"></status>
</kw>
<status status="PASS" starttime="20210120 16:47:55.667" endtime="20210120 16:47:59.123" critical="yes"></status>
</test>
<kw name="Close Browser" library="SeleniumLibrary" type="teardown">
<doc>Closes the current browser.</doc>
<status status="PASS" starttime="20210120 16:47:59.126" endtime="20210120 16:48:02.950"></status>
</kw>
<status status="PASS" starttime="20210120 16:42:11.217" endtime="20210120 16:48:02.950"></status>
</suite>
<statistics>
<total>
<stat pass="7" fail="0">Critical Tests</stat>
<stat pass="7" fail="0">All Tests</stat>
</total>
<tag>
</tag>
<suite>
<stat pass="7" fail="0" id="s1" name="Tom Immo">Tom Immo</stat>
</suite>
</statistics>
<errors>
</errors>
</robot>
